<?xml version="1.0" encoding="UTF-8"?>
<!-- Generated by org.testng.reporters.JUnitXMLReporter -->
<testsuite hostname="logesh" ignored="0" name="Default test" tests="6" failures="0" timestamp="2021-09-16T16:25:45 IST" time="8.434" errors="0">
  <testcase name="excelKeyrunner" time="1.611" classname="day6.Keyrunner"/>
  <testcase name="excelKeyrunner" time="0.127" classname="day6.Keyrunner"/>
  <testcase name="excelKeyrunner" time="0.107" classname="day6.Keyrunner"/>
  <testcase name="excelKeyrunner" time="0.61" classname="day6.Keyrunner"/>
  <testcase name="excelKeyrunner" time="0.131" classname="day6.Keyrunner"/>
  <testcase name="excelKeyrunner" time="0.001" classname="day6.Keyrunner"/>
</testsuite> <!-- Default test -->
