<?xml version="1.0" encoding="UTF-8"?>
<!-- Generated by org.testng.reporters.JUnitXMLReporter -->
<testsuite hostname="logesh" ignored="0" name="ChromeTest" tests="3" failures="0" timestamp="2021-09-16T09:36:28 IST" time="14.265" errors="0">
  <testcase name="forgetlinktest" time="4.002" classname="day5_factory.FactoryRunner"/>
  <testcase name="cancelbuttontest" time="0.434" classname="day5_factory.FactoryRunner"/>
  <testcase name="logintest" time="5.243" classname="day5_factory.FactoryRunner"/>
</testsuite> <!-- ChromeTest -->
