<?xml version="1.0" encoding="UTF-8"?>
<!-- Generated by org.testng.reporters.JUnitXMLReporter -->
<testsuite hostname="logesh" ignored="0" name="FirefoxTest" tests="3" failures="0" timestamp="2021-09-15T15:56:45 IST" time="15.216" errors="0">
  <testcase name="forgetlinktest" time="4.094" classname="day5_factory.FactoryRunner"/>
  <testcase name="cancelbuttontest" time="0.451" classname="day5_factory.FactoryRunner"/>
  <testcase name="logintest" time="2.933" classname="day5_factory.FactoryRunner"/>
</testsuite> <!-- FirefoxTest -->
