<?xml version="1.0" encoding="UTF-8"?>
<testng-results skipped="0" failed="0" ignored="0" total="6" passed="6">
  <reporter-output>
  </reporter-output>
  <suite name="Default suite" duration-ms="8434" started-at="2021-09-16T16:25:36 IST" finished-at="2021-09-16T16:25:45 IST">
    <groups>
    </groups>
    <test name="Default test" duration-ms="8434" started-at="2021-09-16T16:25:36 IST" finished-at="2021-09-16T16:25:45 IST">
      <class name="day6.Keyrunner">
        <test-method status="PASS" signature="beforeTest()[pri:0, instance:day6.Keyrunner@2a556333]" name="beforeTest" is-config="true" duration-ms="1897" started-at="2021-09-16T16:25:36 IST" finished-at="2021-09-16T16:25:38 IST">
          <reporter-output>
          </reporter-output>
        </test-method> <!-- beforeTest -->
        <test-method status="PASS" signature="excelKeyrunner(java.lang.String,java.lang.String,java.lang.String,java.lang.String)[pri:0, instance:day6.Keyrunner@2a556333]" name="excelKeyrunner" duration-ms="1611" started-at="2021-09-16T16:25:39 IST" data-provider="dp" finished-at="2021-09-16T16:25:41 IST">
          <params>
            <param index="0">
              <value>
                <![CDATA[getURL]]>
              </value>
            </param>
            <param index="1">
              <value>
                <![CDATA[NA]]>
              </value>
            </param>
            <param index="2">
              <value>
                <![CDATA[NA]]>
              </value>
            </param>
            <param index="3">
              <value>
                <![CDATA[http://blazedemo.com]]>
              </value>
            </param>
          </params>
          <reporter-output>
          </reporter-output>
        </test-method> <!-- excelKeyrunner -->
        <test-method status="PASS" signature="excelKeyrunner(java.lang.String,java.lang.String,java.lang.String,java.lang.String)[pri:0, instance:day6.Keyrunner@2a556333]" name="excelKeyrunner" duration-ms="127" started-at="2021-09-16T16:25:41 IST" data-provider="dp" finished-at="2021-09-16T16:25:41 IST">
          <params>
            <param index="0">
              <value>
                <![CDATA[selectFromDropDown]]>
              </value>
            </param>
            <param index="1">
              <value>
                <![CDATA[name]]>
              </value>
            </param>
            <param index="2">
              <value>
                <![CDATA[fromPort]]>
              </value>
            </param>
            <param index="3">
              <value>
                <![CDATA[Boston]]>
              </value>
            </param>
          </params>
          <reporter-output>
          </reporter-output>
        </test-method> <!-- excelKeyrunner -->
        <test-method status="PASS" signature="excelKeyrunner(java.lang.String,java.lang.String,java.lang.String,java.lang.String)[pri:0, instance:day6.Keyrunner@2a556333]" name="excelKeyrunner" duration-ms="107" started-at="2021-09-16T16:25:41 IST" data-provider="dp" finished-at="2021-09-16T16:25:41 IST">
          <params>
            <param index="0">
              <value>
                <![CDATA[selectFromDropDown]]>
              </value>
            </param>
            <param index="1">
              <value>
                <![CDATA[name]]>
              </value>
            </param>
            <param index="2">
              <value>
                <![CDATA[toPort]]>
              </value>
            </param>
            <param index="3">
              <value>
                <![CDATA[London]]>
              </value>
            </param>
          </params>
          <reporter-output>
          </reporter-output>
        </test-method> <!-- excelKeyrunner -->
        <test-method status="PASS" signature="excelKeyrunner(java.lang.String,java.lang.String,java.lang.String,java.lang.String)[pri:0, instance:day6.Keyrunner@2a556333]" name="excelKeyrunner" duration-ms="610" started-at="2021-09-16T16:25:41 IST" data-provider="dp" finished-at="2021-09-16T16:25:42 IST">
          <params>
            <param index="0">
              <value>
                <![CDATA[click]]>
              </value>
            </param>
            <param index="1">
              <value>
                <![CDATA[css]]>
              </value>
            </param>
            <param index="2">
              <value>
                <![CDATA[input[value='Find Flights']]]>
              </value>
            </param>
            <param index="3">
              <value>
                <![CDATA[NA]]>
              </value>
            </param>
          </params>
          <reporter-output>
          </reporter-output>
        </test-method> <!-- excelKeyrunner -->
        <test-method status="PASS" signature="excelKeyrunner(java.lang.String,java.lang.String,java.lang.String,java.lang.String)[pri:0, instance:day6.Keyrunner@2a556333]" name="excelKeyrunner" duration-ms="131" started-at="2021-09-16T16:25:42 IST" data-provider="dp" finished-at="2021-09-16T16:25:42 IST">
          <params>
            <param index="0">
              <value>
                <![CDATA[getSnap]]>
              </value>
            </param>
            <param index="1">
              <value>
                <![CDATA[NA]]>
              </value>
            </param>
            <param index="2">
              <value>
                <![CDATA[NA]]>
              </value>
            </param>
            <param index="3">
              <value>
                <![CDATA[.//flights.png]]>
              </value>
            </param>
          </params>
          <reporter-output>
          </reporter-output>
        </test-method> <!-- excelKeyrunner -->
        <test-method status="PASS" signature="excelKeyrunner(java.lang.String,java.lang.String,java.lang.String,java.lang.String)[pri:0, instance:day6.Keyrunner@2a556333]" name="excelKeyrunner" duration-ms="1" started-at="2021-09-16T16:25:42 IST" data-provider="dp" finished-at="2021-09-16T16:25:42 IST">
          <params>
            <param index="0">
              <value>
                <![CDATA[closeBrowser]]>
              </value>
            </param>
            <param index="1">
              <value>
                <![CDATA[NA]]>
              </value>
            </param>
            <param index="2">
              <value>
                <![CDATA[NA]]>
              </value>
            </param>
            <param index="3">
              <value>
                <![CDATA[NA]]>
              </value>
            </param>
          </params>
          <reporter-output>
          </reporter-output>
        </test-method> <!-- excelKeyrunner -->
        <test-method status="PASS" signature="afterTest()[pri:0, instance:day6.Keyrunner@2a556333]" name="afterTest" is-config="true" duration-ms="2633" started-at="2021-09-16T16:25:42 IST" finished-at="2021-09-16T16:25:45 IST">
          <reporter-output>
          </reporter-output>
        </test-method> <!-- afterTest -->
      </class> <!-- day6.Keyrunner -->
    </test> <!-- Default test -->
  </suite> <!-- Default suite -->
</testng-results>
